2026-02-26 01:21:12[94m 2-training/train_transfer.py /session/config.yaml[0m
2026-02-26 01:21:12[94m Starting train_transfer[0m
2026-02-26 01:21:12 dataset:
  name: DontChesstheKnight
  path: /session
gpu: 0
model:
  back_prop_blocks: 99
  filters: 64
  keep_weights: true
  path: /models/maia-1200.pb.gz
  residual_blocks: 6
  se_ratio: 8
training:
  batch_size: 256
  checkpoint_steps: 500
  lr_boundaries:
  - 35000
  - 80000
  - 110000
  lr_values:
  - 0.01
  - 0.001
  - 0.0001
  - 1.0e-05
  num_batch_splits: 1
  policy_loss_weight: 1.0
  precision: half
  shuffle_size: 256
  test_steps: 2000
  total_steps: 150000
  train_avg_report_steps: 50
  value_loss_weight: 1.0

2026-02-26 01:21:12 found [] chunk dirs
2026-02-26 01:21:12 found 0 chunks total
Not enough chunks 0
